c:\users\witzk\documents\visual studio 2017\projects\evolutionarynationssim\debug\evolutionarynationssim.pch
c:\users\witzk\documents\visual studio 2017\projects\evolutionarynationssim\debug\vc141.pdb
c:\users\witzk\documents\visual studio 2017\projects\evolutionarynationssim\debug\vc141.idb
c:\users\witzk\documents\visual studio 2017\projects\evolutionarynationssim\debug\stdafx.obj
c:\users\witzk\documents\visual studio 2017\projects\evolutionarynationssim\debug\buttontemplate.obj
c:\users\witzk\documents\visual studio 2017\projects\evolutionarynationssim\debug\inputhandler.obj
c:\users\witzk\documents\visual studio 2017\projects\evolutionarynationssim\debug\main.obj
c:\users\witzk\documents\visual studio 2017\projects\evolutionarynationssim\debug\maphandler.obj
c:\users\witzk\documents\visual studio 2017\projects\evolutionarynationssim\debug\nation.obj
c:\users\witzk\documents\visual studio 2017\projects\evolutionarynationssim\debug\state.obj
c:\users\witzk\desktop\evolutionarynationssim\debug\evolutionarynationssim.pch
c:\users\witzk\desktop\evolutionarynationssim\debug\vc141.pdb
c:\users\witzk\desktop\evolutionarynationssim\debug\vc141.idb
c:\users\witzk\desktop\evolutionarynationssim\debug\stdafx.obj
c:\users\witzk\desktop\evolutionarynationssim\debug\inputhandler.obj
c:\users\witzk\desktop\evolutionarynationssim\debug\main.obj
c:\users\witzk\desktop\evolutionarynationssim\debug\nation.obj
c:\users\witzk\desktop\evolutionarynationssim\debug\state.obj
c:\users\witzk\desktop\evolutionarynationssim\debug\buttontemplate.obj
c:\users\witzk\desktop\evolutionarynationssim\debug\maphandler.obj
c:\users\witzk\documents\visual studio 2017\projects\evolutionarynationssim\debug\evolutionarynationssim.ilk
c:\users\witzk\documents\visual studio 2017\projects\evolutionarynationssim\debug\evolutionarynationssim.exe
c:\users\witzk\documents\visual studio 2017\projects\evolutionarynationssim\debug\evolutionarynationssim.pdb
c:\users\witzk\desktop\evolutionarynationssim\debug\evolutionarynationssim.ilk
c:\users\witzk\desktop\evolutionarynationssim\debug\evolutionarynationssim.exe
c:\users\witzk\desktop\evolutionarynationssim\debug\evolutionarynationssim.pdb
c:\users\witzk\desktop\evolutionarynationssim\debug\inputhandler.obj.enc
c:\users\witzk\desktop\evolutionarynationssim\debug\evolutio.850313e1.tlog\cl.command.1.tlog
c:\users\witzk\desktop\evolutionarynationssim\debug\evolutio.850313e1.tlog\cl.read.1.tlog
c:\users\witzk\desktop\evolutionarynationssim\debug\evolutio.850313e1.tlog\cl.write.1.tlog
c:\users\witzk\desktop\evolutionarynationssim\debug\evolutio.850313e1.tlog\link.command.1.tlog
c:\users\witzk\desktop\evolutionarynationssim\debug\evolutio.850313e1.tlog\link.read.1.tlog
c:\users\witzk\desktop\evolutionarynationssim\debug\evolutio.850313e1.tlog\link.write.1.tlog
