  stdafx.cpp
  ButtonHandler.cpp
c:\users\witzk\documents\github\evolutionarynationssim\settinginput.h(20): warning C4305: 'initializing': truncation from 'double' to 'float'
c:\users\witzk\documents\github\evolutionarynationssim\settinginput.h(21): warning C4305: 'initializing': truncation from 'double' to 'float'
c:\users\witzk\documents\github\evolutionarynationssim\buttonhandler.cpp(23): warning C4018: '<': signed/unsigned mismatch
  ButtonTemplate.cpp
c:\users\witzk\documents\github\evolutionarynationssim\settinginput.h(20): warning C4305: 'initializing': truncation from 'double' to 'float'
c:\users\witzk\documents\github\evolutionarynationssim\settinginput.h(21): warning C4305: 'initializing': truncation from 'double' to 'float'
  HitBox.cpp
  InputHandler.cpp
c:\users\witzk\documents\github\evolutionarynationssim\settinginput.h(20): warning C4305: 'initializing': truncation from 'double' to 'float'
c:\users\witzk\documents\github\evolutionarynationssim\settinginput.h(21): warning C4305: 'initializing': truncation from 'double' to 'float'
c:\users\witzk\documents\github\evolutionarynationssim\inputhandler.cpp(36): warning C4305: 'initializing': truncation from 'double' to 'float'
c:\users\witzk\documents\github\evolutionarynationssim\inputhandler.cpp(88): warning C4305: '=': truncation from 'double' to 'float'
  Main.cpp
c:\users\witzk\documents\github\evolutionarynationssim\settinginput.h(20): warning C4305: 'initializing': truncation from 'double' to 'float'
c:\users\witzk\documents\github\evolutionarynationssim\settinginput.h(21): warning C4305: 'initializing': truncation from 'double' to 'float'
c:\users\witzk\documents\github\evolutionarynationssim\main.cpp(53): warning C4018: '<': signed/unsigned mismatch
c:\users\witzk\documents\github\evolutionarynationssim\main.cpp(79): warning C4305: 'argument': truncation from 'double' to 'float'
  MapHandler.cpp
c:\users\witzk\documents\github\evolutionarynationssim\settinginput.h(20): warning C4305: 'initializing': truncation from 'double' to 'float'
c:\users\witzk\documents\github\evolutionarynationssim\settinginput.h(21): warning C4305: 'initializing': truncation from 'double' to 'float'
c:\users\witzk\documents\github\evolutionarynationssim\maphandler.cpp(76): warning C4018: '<': signed/unsigned mismatch
c:\users\witzk\documents\github\evolutionarynationssim\maphandler.cpp(103): warning C4018: '<': signed/unsigned mismatch
c:\users\witzk\documents\github\evolutionarynationssim\maphandler.cpp(160): warning C4018: '<': signed/unsigned mismatch
c:\users\witzk\documents\github\evolutionarynationssim\maphandler.cpp(162): warning C4018: '<': signed/unsigned mismatch
  Nation.cpp
c:\users\witzk\documents\github\evolutionarynationssim\settinginput.h(20): warning C4305: 'initializing': truncation from 'double' to 'float'
c:\users\witzk\documents\github\evolutionarynationssim\settinginput.h(21): warning C4305: 'initializing': truncation from 'double' to 'float'
c:\users\witzk\documents\github\evolutionarynationssim\nation.cpp(43): warning C4018: '<': signed/unsigned mismatch
c:\users\witzk\documents\github\evolutionarynationssim\nation.cpp(61): warning C4018: '<': signed/unsigned mismatch
c:\users\witzk\documents\github\evolutionarynationssim\nation.cpp(106): warning C4018: '<': signed/unsigned mismatch
c:\users\witzk\documents\github\evolutionarynationssim\nation.cpp(114): warning C4018: '<': signed/unsigned mismatch
c:\users\witzk\documents\github\evolutionarynationssim\nation.cpp(129): warning C4018: '<': signed/unsigned mismatch
c:\users\witzk\documents\github\evolutionarynationssim\nation.cpp(260): warning C4018: '<': signed/unsigned mismatch
c:\users\witzk\documents\github\evolutionarynationssim\nation.cpp(279): warning C4018: '<': signed/unsigned mismatch
c:\users\witzk\documents\github\evolutionarynationssim\nation.cpp(298): warning C4018: '<': signed/unsigned mismatch
c:\users\witzk\documents\github\evolutionarynationssim\nation.cpp(309): warning C4018: '<': signed/unsigned mismatch
c:\users\witzk\documents\github\evolutionarynationssim\nation.cpp(352): warning C4018: '<': signed/unsigned mismatch
c:\users\witzk\documents\github\evolutionarynationssim\nation.cpp(368): warning C4018: '<': signed/unsigned mismatch
c:\users\witzk\documents\github\evolutionarynationssim\nation.cpp(385): warning C4018: '<': signed/unsigned mismatch
c:\users\witzk\documents\github\evolutionarynationssim\nation.cpp(401): warning C4018: '<': signed/unsigned mismatch
c:\users\witzk\documents\github\evolutionarynationssim\nation.cpp(422): warning C4244: 'initializing': conversion from 'double' to 'int', possible loss of data
c:\users\witzk\documents\github\evolutionarynationssim\nation.cpp(436): warning C4018: '<': signed/unsigned mismatch
c:\users\witzk\documents\github\evolutionarynationssim\nation.cpp(474): warning C4244: 'initializing': conversion from 'float' to 'int', possible loss of data
c:\users\witzk\documents\github\evolutionarynationssim\nation.cpp(480): warning C4244: 'initializing': conversion from 'double' to 'float', possible loss of data
c:\users\witzk\documents\github\evolutionarynationssim\nation.cpp(492): warning C4244: 'initializing': conversion from 'float' to 'int', possible loss of data
c:\users\witzk\documents\github\evolutionarynationssim\nation.cpp(498): warning C4018: '<': signed/unsigned mismatch
c:\users\witzk\documents\github\evolutionarynationssim\nation.cpp(528): warning C4244: 'initializing': conversion from 'double' to 'int', possible loss of data
c:\users\witzk\documents\github\evolutionarynationssim\nation.cpp(539): warning C4018: '<': signed/unsigned mismatch
c:\users\witzk\documents\github\evolutionarynationssim\nation.cpp(552): warning C4018: '<': signed/unsigned mismatch
c:\users\witzk\documents\github\evolutionarynationssim\nation.cpp(569): warning C4018: '<': signed/unsigned mismatch
c:\users\witzk\documents\github\evolutionarynationssim\nation.cpp(587): warning C4018: '<': signed/unsigned mismatch
c:\users\witzk\documents\github\evolutionarynationssim\nation.cpp(604): warning C4018: '<': signed/unsigned mismatch
c:\users\witzk\documents\github\evolutionarynationssim\nation.cpp(624): warning C4244: 'initializing': conversion from 'double' to 'int', possible loss of data
c:\users\witzk\documents\github\evolutionarynationssim\nation.cpp(646): warning C4244: 'initializing': conversion from 'double' to 'int', possible loss of data
c:\users\witzk\documents\github\evolutionarynationssim\nation.cpp(657): warning C4018: '<': signed/unsigned mismatch
c:\users\witzk\documents\github\evolutionarynationssim\nation.cpp(670): warning C4018: '<': signed/unsigned mismatch
c:\users\witzk\documents\github\evolutionarynationssim\nation.cpp(687): warning C4018: '<': signed/unsigned mismatch
c:\users\witzk\documents\github\evolutionarynationssim\nation.cpp(705): warning C4018: '<': signed/unsigned mismatch
c:\users\witzk\documents\github\evolutionarynationssim\nation.cpp(722): warning C4018: '<': signed/unsigned mismatch
c:\users\witzk\documents\github\evolutionarynationssim\nation.cpp(737): warning C4018: '<': signed/unsigned mismatch
c:\users\witzk\documents\github\evolutionarynationssim\nation.cpp(740): warning C4018: '<': signed/unsigned mismatch
c:\users\witzk\documents\github\evolutionarynationssim\nation.cpp(759): warning C4244: 'initializing': conversion from 'double' to 'int', possible loss of data
c:\users\witzk\documents\github\evolutionarynationssim\nation.cpp(782): warning C4244: 'initializing': conversion from 'double' to 'int', possible loss of data
c:\users\witzk\documents\github\evolutionarynationssim\nation.cpp(788): warning C4018: '<': signed/unsigned mismatch
c:\users\witzk\documents\github\evolutionarynationssim\nation.cpp(885): warning C4018: '<': signed/unsigned mismatch
c:\users\witzk\documents\github\evolutionarynationssim\nation.cpp(889): warning C4018: '<': signed/unsigned mismatch
c:\users\witzk\documents\github\evolutionarynationssim\nation.cpp(913): warning C4018: '<': signed/unsigned mismatch
c:\users\witzk\documents\github\evolutionarynationssim\nation.cpp(966): warning C4018: '<': signed/unsigned mismatch
c:\users\witzk\documents\github\evolutionarynationssim\nation.cpp(1047): warning C4018: '<': signed/unsigned mismatch
c:\users\witzk\documents\github\evolutionarynationssim\nation.cpp(1073): warning C4018: '<': signed/unsigned mismatch
c:\users\witzk\documents\github\evolutionarynationssim\nation.cpp(1086): warning C4018: '<': signed/unsigned mismatch
c:\users\witzk\documents\github\evolutionarynationssim\nation.cpp(1088): warning C4018: '<': signed/unsigned mismatch
c:\users\witzk\documents\github\evolutionarynationssim\nation.cpp(1101): warning C4018: '<': signed/unsigned mismatch
c:\users\witzk\documents\github\evolutionarynationssim\nation.cpp(1113): warning C4018: '<': signed/unsigned mismatch
c:\users\witzk\documents\github\evolutionarynationssim\nation.cpp(1134): warning C4018: '<': signed/unsigned mismatch
c:\users\witzk\documents\github\evolutionarynationssim\nation.cpp(1138): warning C4018: '<': signed/unsigned mismatch
c:\users\witzk\documents\github\evolutionarynationssim\nation.cpp(1153): warning C4018: '<': signed/unsigned mismatch
c:\users\witzk\documents\github\evolutionarynationssim\nation.cpp(1185): warning C4244: '=': conversion from 'double' to 'float', possible loss of data
c:\users\witzk\documents\github\evolutionarynationssim\nation.cpp(1187): warning C4244: '=': conversion from 'double' to 'float', possible loss of data
  SettingInput.cpp
c:\users\witzk\documents\github\evolutionarynationssim\settinginput.h(20): warning C4305: 'initializing': truncation from 'double' to 'float'
c:\users\witzk\documents\github\evolutionarynationssim\settinginput.h(21): warning C4305: 'initializing': truncation from 'double' to 'float'
  State.cpp
c:\users\witzk\documents\github\evolutionarynationssim\settinginput.h(20): warning C4305: 'initializing': truncation from 'double' to 'float'
c:\users\witzk\documents\github\evolutionarynationssim\settinginput.h(21): warning C4305: 'initializing': truncation from 'double' to 'float'
  TextHandler.cpp
c:\users\witzk\documents\github\evolutionarynationssim\settinginput.h(20): warning C4305: 'initializing': truncation from 'double' to 'float'
c:\users\witzk\documents\github\evolutionarynationssim\settinginput.h(21): warning C4305: 'initializing': truncation from 'double' to 'float'
c:\users\witzk\documents\github\evolutionarynationssim\texthandler.cpp(27): warning C4018: '<': signed/unsigned mismatch
c:\users\witzk\documents\github\evolutionarynationssim\texthandler.cpp(36): warning C4244: 'argument': conversion from 'float' to 'unsigned int', possible loss of data
c:\users\witzk\documents\github\evolutionarynationssim\texthandler.cpp(45): warning C4018: '<': signed/unsigned mismatch
c:\users\witzk\documents\github\evolutionarynationssim\texthandler.cpp(51): warning C4018: '<': signed/unsigned mismatch
  War.cpp
c:\users\witzk\documents\github\evolutionarynationssim\settinginput.h(20): warning C4305: 'initializing': truncation from 'double' to 'float'
c:\users\witzk\documents\github\evolutionarynationssim\settinginput.h(21): warning C4305: 'initializing': truncation from 'double' to 'float'
c:\users\witzk\documents\github\evolutionarynationssim\war.cpp(23): warning C4018: '<': signed/unsigned mismatch
c:\users\witzk\documents\github\evolutionarynationssim\war.cpp(34): warning C4018: '<': signed/unsigned mismatch
c:\users\witzk\documents\github\evolutionarynationssim\war.cpp(55): warning C4018: '<': signed/unsigned mismatch
c:\users\witzk\documents\github\evolutionarynationssim\war.cpp(70): warning C4018: '<': signed/unsigned mismatch
c:\users\witzk\documents\github\evolutionarynationssim\war.cpp(84): warning C4018: '<': signed/unsigned mismatch
c:\users\witzk\documents\github\evolutionarynationssim\war.cpp(89): warning C4018: '<': signed/unsigned mismatch
c:\users\witzk\documents\github\evolutionarynationssim\war.cpp(99): warning C4018: '<': signed/unsigned mismatch
c:\users\witzk\documents\github\evolutionarynationssim\war.cpp(115): warning C4018: '<': signed/unsigned mismatch
c:\users\witzk\documents\github\evolutionarynationssim\war.cpp(121): warning C4018: '<': signed/unsigned mismatch
c:\users\witzk\documents\github\evolutionarynationssim\war.cpp(148): warning C4018: '<': signed/unsigned mismatch
c:\users\witzk\documents\github\evolutionarynationssim\war.cpp(150): warning C4305: '*=': truncation from 'double' to 'float'
c:\users\witzk\documents\github\evolutionarynationssim\war.cpp(153): warning C4018: '<': signed/unsigned mismatch
c:\users\witzk\documents\github\evolutionarynationssim\war.cpp(155): warning C4305: '*=': truncation from 'double' to 'float'
c:\users\witzk\documents\github\evolutionarynationssim\war.cpp(169): warning C4018: '<': signed/unsigned mismatch
c:\users\witzk\documents\github\evolutionarynationssim\war.cpp(171): warning C4305: '*=': truncation from 'double' to 'float'
c:\users\witzk\documents\github\evolutionarynationssim\war.cpp(174): warning C4018: '<': signed/unsigned mismatch
c:\users\witzk\documents\github\evolutionarynationssim\war.cpp(176): warning C4305: '*=': truncation from 'double' to 'float'
c:\users\witzk\documents\github\evolutionarynationssim\war.cpp(188): warning C4018: '<': signed/unsigned mismatch
c:\users\witzk\documents\github\evolutionarynationssim\war.cpp(193): warning C4018: '<': signed/unsigned mismatch
c:\users\witzk\documents\github\evolutionarynationssim\war.cpp(202): warning C4018: '<': signed/unsigned mismatch
  Generating code
c:\users\witzk\documents\github\evolutionarynationssim\buttontemplate.cpp(23): warning C4715: 'ButtonTemplate::readBMP': not all control paths return a value
c:\users\witzk\documents\github\evolutionarynationssim\maphandler.cpp(185): warning C4715: 'MapHandler::readBMP': not all control paths return a value
  All 1261 functions were compiled because no usable IPDB/IOBJ from previous compilation was found.
  Finished generating code
  EvolutionaryNationsSim.vcxproj -> C:\Users\witzk\Documents\GitHub\EvolutionaryNationsSim\Release\EvolutionaryNationsSim.exe
